. 2022-03-28 12:45:36.943 --------------------------------------------------------------------------
. 2022-03-28 12:45:36.950 WinSCP Version 5.19.6 (Build 12002 2022-02-22) (OS 10.0.19043 - Windows 10 Enterprise)
. 2022-03-28 12:45:36.950 Configuration: nul
. 2022-03-28 12:45:36.951 Log level: Normal
. 2022-03-28 12:45:36.951 Local account: DAVID\Nick
. 2022-03-28 12:45:36.951 Working directory: G:\My Drive\GITHUB\davidcapit.github.io
. 2022-03-28 12:45:36.951 Process ID: 15012
. 2022-03-28 12:45:36.969 Ancestor processes: WinSCP, cmd, explorer, ...
. 2022-03-28 12:45:36.971 Command-line: "C:\Program Files (x86)\WinSCP\WinSCP.exe" /console=5.19.6 /consoleinstance=_20772_276 "/log=G:\My Drive\GITHUB\davidcapit.github.io\WinSCP.log" "/ini=nul" "/command" "open ftpes://admin%40capit.co.uk:***@capit.co.uk/ -certificate=""a1:26:e4:59:10:b1:3b:be:9e:12:ec:ab:7d:fc:62:5c:9e:6a:37:f7:b9:03:74:3d:0f:49:22:82:6f:e6:a6:4e""" "lcd ""G:\My Drive\GITHUB\davidcapit.github.io""" "cd /webpages" "put capitIndexChart1D.html" "put capitIndexChart1M.html" "put capitIndexChart1W.html" "put capitIndexChart1Y.html" "put capitIndexChart5Y.html" "put capitIndexChartMAX.html" "put sample-table-1M.html" "put sample-table-2M.html" "put sample-table-3M.html" "put sample-table-4M.html" "put sample-table-5M.html" "put sample-table-250K.html" "put sample-table-500K.html" "exit"
. 2022-03-28 12:45:36.971 Time zone: Current: GMT+1, Standard: GMT+0 (GMT Standard Time), DST: GMT+1 (GMT Daylight Time), DST Start: 27/03/2022, DST End: 30/10/2022
. 2022-03-28 12:45:36.971 Login time: 28 March 2022 12:45:36
. 2022-03-28 12:45:36.971 --------------------------------------------------------------------------
. 2022-03-28 12:45:36.972 Script: Retrospectively logging previous script records:
> 2022-03-28 12:45:36.972 Script: open ftpes://admin%40capit.co.uk:***@capit.co.uk/ -certificate="a1:26:e4:59:10:b1:3b:be:9e:12:ec:ab:7d:fc:62:5c:9e:6a:37:f7:b9:03:74:3d:0f:49:22:82:6f:e6:a6:4e"
. 2022-03-28 12:45:36.972 --------------------------------------------------------------------------
. 2022-03-28 12:45:36.972 Session name: admin@capit.co.uk@capit.co.uk (Ad-Hoc site)
. 2022-03-28 12:45:36.973 Host name: capit.co.uk (Port: 21)
. 2022-03-28 12:45:36.973 User name: admin@capit.co.uk (Password: Yes, Key file: No, Passphrase: No)
. 2022-03-28 12:45:36.973 Transfer Protocol: FTP
. 2022-03-28 12:45:36.975 Ping type: Dummy, Ping interval: 30 sec; Timeout: 15 sec
. 2022-03-28 12:45:36.976 Disable Nagle: No
. 2022-03-28 12:45:36.976 Proxy: None
. 2022-03-28 12:45:36.976 Send buffer: 262144
. 2022-03-28 12:45:36.976 UTF: Auto
. 2022-03-28 12:45:36.976 FTPS: Explicit TLS/SSL [Client certificate: No]
. 2022-03-28 12:45:36.977 FTP: Passive: Yes [Force IP: Auto]; MLSD: Auto [List all: Auto]; HOST: Auto
. 2022-03-28 12:45:36.977 Session reuse: Yes
. 2022-03-28 12:45:36.977 TLS/SSL versions: TLSv1.0-TLSv1.3
. 2022-03-28 12:45:36.977 Local directory: default, Remote directory: home, Update: Yes, Cache: Yes
. 2022-03-28 12:45:36.977 Cache directory changes: Yes, Permanent: Yes
. 2022-03-28 12:45:36.977 Recycle bin: Delete to: No, Overwritten to: No, Bin path: 
. 2022-03-28 12:45:36.977 Timezone offset: 0h 0m
. 2022-03-28 12:45:36.978 --------------------------------------------------------------------------
< 2022-03-28 12:45:36.983 Script: Connecting to capit.co.uk ...
. 2022-03-28 12:45:36.984 Connecting to capit.co.uk ...
. 2022-03-28 12:45:37.012 Connected with capit.co.uk, negotiating TLS connection...
< 2022-03-28 12:45:37.031 220---------- Welcome to Pure-FTPd [privsep] [TLS] ----------
< 2022-03-28 12:45:37.032 220-You are user number 2 of 50 allowed.
< 2022-03-28 12:45:37.032 220-Local time is now 11:45. Server port: 21.
< 2022-03-28 12:45:37.032 220-This is a private system - No anonymous login
< 2022-03-28 12:45:37.033 220-IPv6 connections are also welcome on this server.
< 2022-03-28 12:45:37.033 220 You will be disconnected after 15 minutes of inactivity.
> 2022-03-28 12:45:37.033 AUTH TLS
< 2022-03-28 12:45:37.052 234 AUTH TLS OK.
. 2022-03-28 12:45:37.112 Verifying certificate for "" with fingerprint a1:26:e4:59:10:b1:3b:be:9e:12:ec:ab:7d:fc:62:5c:9e:6a:37:f7:b9:03:74:3d:0f:49:22:82:6f:e6:a6:4e and 20 failures
. 2022-03-28 12:45:37.113 Certificate for "" matches configured fingerprint
. 2022-03-28 12:45:37.113 Using TLSv1.2, cipher TLSv1.2: ECDHE-RSA-AES128-GCM-SHA256, 2048 bit RSA, ECDHE-RSA-AES128-GCM-SHA256 TLSv1.2 Kx=ECDH     Au=RSA  Enc=AESGCM(128) Mac=AEAD
< 2022-03-28 12:45:37.113 Script: TLS connection established. Waiting for welcome message...
. 2022-03-28 12:45:37.114 TLS connection established. Waiting for welcome message...
> 2022-03-28 12:45:37.114 USER admin@capit.co.uk
< 2022-03-28 12:45:37.135 331 User admin@capit.co.uk OK. Password required
> 2022-03-28 12:45:37.135 PASS ******************
< 2022-03-28 12:45:37.185 230 OK. Current restricted directory is /
> 2022-03-28 12:45:37.185 SYST
< 2022-03-28 12:45:37.208 215 UNIX Type: L8
> 2022-03-28 12:45:37.209 FEAT
< 2022-03-28 12:45:37.232 211-Extensions supported:
< 2022-03-28 12:45:37.232  UTF8
< 2022-03-28 12:45:37.232  EPRT
< 2022-03-28 12:45:37.232  IDLE
< 2022-03-28 12:45:37.233  MDTM
< 2022-03-28 12:45:37.233  SIZE
< 2022-03-28 12:45:37.233  MFMT
< 2022-03-28 12:45:37.233  REST STREAM
< 2022-03-28 12:45:37.233  MLST type*;size*;sizd*;modify*;UNIX.mode*;UNIX.uid*;UNIX.gid*;unique*;
< 2022-03-28 12:45:37.233  MLSD
< 2022-03-28 12:45:37.234  PRET
< 2022-03-28 12:45:37.234  AUTH TLS
< 2022-03-28 12:45:37.234  PBSZ
< 2022-03-28 12:45:37.234  PROT
< 2022-03-28 12:45:37.235  TVFS
< 2022-03-28 12:45:37.235  ESTA
< 2022-03-28 12:45:37.235  PASV
< 2022-03-28 12:45:37.235  EPSV
< 2022-03-28 12:45:37.236  SPSV
< 2022-03-28 12:45:37.236  ESTP
< 2022-03-28 12:45:37.236 211 End.
> 2022-03-28 12:45:37.236 OPTS UTF8 ON
< 2022-03-28 12:45:37.255 504 Unknown command
> 2022-03-28 12:45:37.255 PBSZ 0
< 2022-03-28 12:45:37.273 200 PBSZ=0
> 2022-03-28 12:45:37.274 PROT P
< 2022-03-28 12:45:37.294 200 Data protection level set to "private"
< 2022-03-28 12:45:37.295 Script: Connected
. 2022-03-28 12:45:37.295 Connected
. 2022-03-28 12:45:37.295 --------------------------------------------------------------------------
. 2022-03-28 12:45:37.305 Using FTP protocol.
. 2022-03-28 12:45:37.305 Doing startup conversation with host.
< 2022-03-28 12:45:37.305 Script: Starting the session...
> 2022-03-28 12:45:37.305 PWD
< 2022-03-28 12:45:37.325 257 "/" is your current location
. 2022-03-28 12:45:37.330 Getting current directory name.
. 2022-03-28 12:45:37.332 Startup conversation with host finished.
< 2022-03-28 12:45:37.335 Script: Session started.
< 2022-03-28 12:45:37.337 Script: Active session: [1] admin@capit.co.uk@capit.co.uk
> 2022-03-28 12:45:37.340 Script: lcd "G:\My Drive\GITHUB\davidcapit.github.io"
< 2022-03-28 12:45:37.346 Script: G:\My Drive\GITHUB\davidcapit.github.io
> 2022-03-28 12:45:37.350 Script: cd /webpages
. 2022-03-28 12:45:37.351 Changing directory to "/webpages".
> 2022-03-28 12:45:37.352 CWD /webpages
< 2022-03-28 12:45:37.372 250 OK. Current directory is /webpages
. 2022-03-28 12:45:37.372 Getting current directory name.
> 2022-03-28 12:45:37.372 PWD
< 2022-03-28 12:45:37.393 257 "/webpages" is your current location
< 2022-03-28 12:45:37.393 Script: /webpages
> 2022-03-28 12:45:37.394 Script: put capitIndexChart1D.html
. 2022-03-28 12:45:37.400 Copying 1 files/directories to remote directory "/webpages" - total size: 4,521
. 2022-03-28 12:45:37.400   PrTime: Yes; PrRO: No; Rght: rw-r--r--; PrR: No (No); FnCs: N; RIC: 0100; Resume: S (102400); CalcS: No; Mask: 
. 2022-03-28 12:45:37.400   TM: B; ClAr: No; RemEOF: No; RemBOM: No; CPS: 0; NewerOnly: No; EncryptNewFiles: Yes; ExcludeHiddenFiles: No; ExcludeEmptyDirectories: No; InclM: ; ResumeL: 0
. 2022-03-28 12:45:37.401   AscM: *.*html; *.htm; *.txt; *.php; *.php3; *.cgi; *.c; *.cpp; *.h; *.pas; *.bas; *.tex; *.pl; *.js; .htaccess; *.xtml; *.css; *.cfg; *.ini; *.sh; *.xml
. 2022-03-28 12:45:37.402 File: 'capitIndexChart1D.html' [2022-03-28T11:32:52.601Z] [4521]
. 2022-03-28 12:45:37.893 Copying "capitIndexChart1D.html" to remote directory started.
. 2022-03-28 12:45:37.894 Binary transfer mode selected.
. 2022-03-28 12:45:37.894 Starting upload of G:\My Drive\GITHUB\davidcapit.github.io\capitIndexChart1D.html
> 2022-03-28 12:45:37.895 TYPE I
< 2022-03-28 12:45:37.914 200 TYPE is now 8-bit binary
> 2022-03-28 12:45:37.915 PASV
< 2022-03-28 12:45:37.933 227 Entering Passive Mode (89,200,136,154,118,85)
> 2022-03-28 12:45:37.934 STOR capitIndexChart1D.html
. 2022-03-28 12:45:37.934 Connecting to 89.200.136.154:30293 ...
< 2022-03-28 12:45:37.972 150 Accepted data connection
. 2022-03-28 12:45:37.996 Session ID reused
. 2022-03-28 12:45:37.996 Using TLSv1.2, cipher TLSv1.2: ECDHE-RSA-AES128-GCM-SHA256, 2048 bit RSA, ECDHE-RSA-AES128-GCM-SHA256 TLSv1.2 Kx=ECDH     Au=RSA  Enc=AESGCM(128) Mac=AEAD
. 2022-03-28 12:45:37.996 TLS connection established
< 2022-03-28 12:45:38.023 226-File successfully transferred
< 2022-03-28 12:45:38.032 226 0.008 seconds (measured here), 0.54 Mbytes per second
> 2022-03-28 12:45:38.037 MFMT 20220328113252 capitIndexChart1D.html
< 2022-03-28 12:45:38.061 213 UTIME OK
. 2022-03-28 12:45:38.063 Upload successful
. 2022-03-28 12:45:38.065 Transfer done: 'capitIndexChart1D.html' => '/webpages/capitIndexChart1D.html' [4521]
. 2022-03-28 12:45:38.066 Copying finished: Transferred: 4,521, Elapsed: 0:00:00, CPS: 48,612/s
> 2022-03-28 12:45:38.067 Script: put capitIndexChart1M.html
. 2022-03-28 12:45:38.072 Copying 1 files/directories to remote directory "/webpages" - total size: 40,705
. 2022-03-28 12:45:38.073   PrTime: Yes; PrRO: No; Rght: rw-r--r--; PrR: No (No); FnCs: N; RIC: 0100; Resume: S (102400); CalcS: No; Mask: 
. 2022-03-28 12:45:38.073   TM: B; ClAr: No; RemEOF: No; RemBOM: No; CPS: 0; NewerOnly: No; EncryptNewFiles: Yes; ExcludeHiddenFiles: No; ExcludeEmptyDirectories: No; InclM: ; ResumeL: 0
. 2022-03-28 12:45:38.073   AscM: *.*html; *.htm; *.txt; *.php; *.php3; *.cgi; *.c; *.cpp; *.h; *.pas; *.bas; *.tex; *.pl; *.js; .htaccess; *.xtml; *.css; *.cfg; *.ini; *.sh; *.xml
. 2022-03-28 12:45:38.077 File: 'capitIndexChart1M.html' [2022-03-28T11:32:53.714Z] [40705]
. 2022-03-28 12:45:38.553 Copying "capitIndexChart1M.html" to remote directory started.
. 2022-03-28 12:45:38.553 Binary transfer mode selected.
. 2022-03-28 12:45:38.554 Starting upload of G:\My Drive\GITHUB\davidcapit.github.io\capitIndexChart1M.html
> 2022-03-28 12:45:38.554 TYPE I
< 2022-03-28 12:45:38.573 200 TYPE is now 8-bit binary
> 2022-03-28 12:45:38.574 PASV
< 2022-03-28 12:45:38.603 227 Entering Passive Mode (89,200,136,154,117,224)
> 2022-03-28 12:45:38.604 STOR capitIndexChart1M.html
. 2022-03-28 12:45:38.605 Connecting to 89.200.136.154:30176 ...
< 2022-03-28 12:45:38.649 150 Accepted data connection
. 2022-03-28 12:45:38.674 Session ID reused
. 2022-03-28 12:45:38.677 Using TLSv1.2, cipher TLSv1.2: ECDHE-RSA-AES128-GCM-SHA256, 2048 bit RSA, ECDHE-RSA-AES128-GCM-SHA256 TLSv1.2 Kx=ECDH     Au=RSA  Enc=AESGCM(128) Mac=AEAD
. 2022-03-28 12:45:38.678 TLS connection established
< 2022-03-28 12:45:38.734 226-File successfully transferred
< 2022-03-28 12:45:38.735 226 0.037 seconds (measured here), 1.04 Mbytes per second
> 2022-03-28 12:45:38.737 MFMT 20220328113253 capitIndexChart1M.html
< 2022-03-28 12:45:38.763 213 UTIME OK
. 2022-03-28 12:45:38.763 Upload successful
. 2022-03-28 12:45:38.764 Transfer done: 'capitIndexChart1M.html' => '/webpages/capitIndexChart1M.html' [40705]
. 2022-03-28 12:45:38.764 Copying finished: Transferred: 40,705, Elapsed: 0:00:00, CPS: 325,640/s
> 2022-03-28 12:45:38.765 Script: put capitIndexChart1W.html
. 2022-03-28 12:45:38.769 Copying 1 files/directories to remote directory "/webpages" - total size: 15,663
. 2022-03-28 12:45:38.769   PrTime: Yes; PrRO: No; Rght: rw-r--r--; PrR: No (No); FnCs: N; RIC: 0100; Resume: S (102400); CalcS: No; Mask: 
. 2022-03-28 12:45:38.770   TM: B; ClAr: No; RemEOF: No; RemBOM: No; CPS: 0; NewerOnly: No; EncryptNewFiles: Yes; ExcludeHiddenFiles: No; ExcludeEmptyDirectories: No; InclM: ; ResumeL: 0
. 2022-03-28 12:45:38.770   AscM: *.*html; *.htm; *.txt; *.php; *.php3; *.cgi; *.c; *.cpp; *.h; *.pas; *.bas; *.tex; *.pl; *.js; .htaccess; *.xtml; *.css; *.cfg; *.ini; *.sh; *.xml
. 2022-03-28 12:45:38.771 File: 'capitIndexChart1W.html' [2022-03-28T11:32:53.642Z] [15663]
. 2022-03-28 12:45:39.207 Copying "capitIndexChart1W.html" to remote directory started.
. 2022-03-28 12:45:39.207 Binary transfer mode selected.
. 2022-03-28 12:45:39.210 Starting upload of G:\My Drive\GITHUB\davidcapit.github.io\capitIndexChart1W.html
> 2022-03-28 12:45:39.210 TYPE I
< 2022-03-28 12:45:39.234 200 TYPE is now 8-bit binary
> 2022-03-28 12:45:39.234 PASV
< 2022-03-28 12:45:39.254 227 Entering Passive Mode (89,200,136,154,118,108)
> 2022-03-28 12:45:39.255 STOR capitIndexChart1W.html
. 2022-03-28 12:45:39.255 Connecting to 89.200.136.154:30316 ...
< 2022-03-28 12:45:39.303 150 Accepted data connection
. 2022-03-28 12:45:39.324 Session ID reused
. 2022-03-28 12:45:39.324 Using TLSv1.2, cipher TLSv1.2: ECDHE-RSA-AES128-GCM-SHA256, 2048 bit RSA, ECDHE-RSA-AES128-GCM-SHA256 TLSv1.2 Kx=ECDH     Au=RSA  Enc=AESGCM(128) Mac=AEAD
. 2022-03-28 12:45:39.324 TLS connection established
< 2022-03-28 12:45:39.364 226-File successfully transferred
< 2022-03-28 12:45:39.364 226 0.021 seconds (measured here), 0.71 Mbytes per second
> 2022-03-28 12:45:39.365 MFMT 20220328113253 capitIndexChart1W.html
< 2022-03-28 12:45:39.386 213 UTIME OK
. 2022-03-28 12:45:39.387 Upload successful
. 2022-03-28 12:45:39.387 Transfer done: 'capitIndexChart1W.html' => '/webpages/capitIndexChart1W.html' [15663]
. 2022-03-28 12:45:39.388 Copying finished: Transferred: 15,663, Elapsed: 0:00:00, CPS: 166,627/s
> 2022-03-28 12:45:39.388 Script: put capitIndexChart1Y.html
. 2022-03-28 12:45:39.391 Copying 1 files/directories to remote directory "/webpages" - total size: 12,845
. 2022-03-28 12:45:39.392   PrTime: Yes; PrRO: No; Rght: rw-r--r--; PrR: No (No); FnCs: N; RIC: 0100; Resume: S (102400); CalcS: No; Mask: 
. 2022-03-28 12:45:39.393   TM: B; ClAr: No; RemEOF: No; RemBOM: No; CPS: 0; NewerOnly: No; EncryptNewFiles: Yes; ExcludeHiddenFiles: No; ExcludeEmptyDirectories: No; InclM: ; ResumeL: 0
. 2022-03-28 12:45:39.393   AscM: *.*html; *.htm; *.txt; *.php; *.php3; *.cgi; *.c; *.cpp; *.h; *.pas; *.bas; *.tex; *.pl; *.js; .htaccess; *.xtml; *.css; *.cfg; *.ini; *.sh; *.xml
. 2022-03-28 12:45:39.394 File: 'capitIndexChart1Y.html' [2022-03-28T11:32:54.004Z] [12845]
. 2022-03-28 12:45:39.933 Copying "capitIndexChart1Y.html" to remote directory started.
. 2022-03-28 12:45:39.933 Binary transfer mode selected.
. 2022-03-28 12:45:39.934 Starting upload of G:\My Drive\GITHUB\davidcapit.github.io\capitIndexChart1Y.html
> 2022-03-28 12:45:39.934 TYPE I
< 2022-03-28 12:45:39.951 200 TYPE is now 8-bit binary
> 2022-03-28 12:45:39.951 PASV
< 2022-03-28 12:45:39.969 227 Entering Passive Mode (89,200,136,154,118,20)
> 2022-03-28 12:45:39.972 STOR capitIndexChart1Y.html
. 2022-03-28 12:45:39.973 Connecting to 89.200.136.154:30228 ...
< 2022-03-28 12:45:40.014 150 Accepted data connection
. 2022-03-28 12:45:40.038 Session ID reused
. 2022-03-28 12:45:40.038 Using TLSv1.2, cipher TLSv1.2: ECDHE-RSA-AES128-GCM-SHA256, 2048 bit RSA, ECDHE-RSA-AES128-GCM-SHA256 TLSv1.2 Kx=ECDH     Au=RSA  Enc=AESGCM(128) Mac=AEAD
. 2022-03-28 12:45:40.039 TLS connection established
< 2022-03-28 12:45:40.066 226-File successfully transferred
< 2022-03-28 12:45:40.067 226 0.009 seconds (measured here), 1.39 Mbytes per second
> 2022-03-28 12:45:40.067 MFMT 20220328113254 capitIndexChart1Y.html
< 2022-03-28 12:45:40.088 213 UTIME OK
. 2022-03-28 12:45:40.088 Upload successful
. 2022-03-28 12:45:40.089 Transfer done: 'capitIndexChart1Y.html' => '/webpages/capitIndexChart1Y.html' [12845]
. 2022-03-28 12:45:40.089 Copying finished: Transferred: 12,845, Elapsed: 0:00:00, CPS: 164,679/s
> 2022-03-28 12:45:40.089 Script: put capitIndexChart5Y.html
. 2022-03-28 12:45:40.091 Copying 1 files/directories to remote directory "/webpages" - total size: 39,525
. 2022-03-28 12:45:40.091   PrTime: Yes; PrRO: No; Rght: rw-r--r--; PrR: No (No); FnCs: N; RIC: 0100; Resume: S (102400); CalcS: No; Mask: 
. 2022-03-28 12:45:40.091   TM: B; ClAr: No; RemEOF: No; RemBOM: No; CPS: 0; NewerOnly: No; EncryptNewFiles: Yes; ExcludeHiddenFiles: No; ExcludeEmptyDirectories: No; InclM: ; ResumeL: 0
. 2022-03-28 12:45:40.092   AscM: *.*html; *.htm; *.txt; *.php; *.php3; *.cgi; *.c; *.cpp; *.h; *.pas; *.bas; *.tex; *.pl; *.js; .htaccess; *.xtml; *.css; *.cfg; *.ini; *.sh; *.xml
. 2022-03-28 12:45:40.093 File: 'capitIndexChart5Y.html' [2022-03-28T11:32:55.376Z] [39525]
. 2022-03-28 12:45:40.569 Copying "capitIndexChart5Y.html" to remote directory started.
. 2022-03-28 12:45:40.569 Binary transfer mode selected.
. 2022-03-28 12:45:40.570 Starting upload of G:\My Drive\GITHUB\davidcapit.github.io\capitIndexChart5Y.html
> 2022-03-28 12:45:40.570 TYPE I
< 2022-03-28 12:45:40.594 200 TYPE is now 8-bit binary
> 2022-03-28 12:45:40.594 PASV
< 2022-03-28 12:45:40.621 227 Entering Passive Mode (89,200,136,154,117,146)
> 2022-03-28 12:45:40.622 STOR capitIndexChart5Y.html
. 2022-03-28 12:45:40.622 Connecting to 89.200.136.154:30098 ...
< 2022-03-28 12:45:40.661 150 Accepted data connection
. 2022-03-28 12:45:40.685 Session ID reused
. 2022-03-28 12:45:40.685 Using TLSv1.2, cipher TLSv1.2: ECDHE-RSA-AES128-GCM-SHA256, 2048 bit RSA, ECDHE-RSA-AES128-GCM-SHA256 TLSv1.2 Kx=ECDH     Au=RSA  Enc=AESGCM(128) Mac=AEAD
. 2022-03-28 12:45:40.685 TLS connection established
< 2022-03-28 12:45:40.741 226-File successfully transferred
< 2022-03-28 12:45:40.741 226 0.038 seconds (measured here), 0.98 Mbytes per second
> 2022-03-28 12:45:40.742 MFMT 20220328113255 capitIndexChart5Y.html
< 2022-03-28 12:45:40.761 213 UTIME OK
. 2022-03-28 12:45:40.761 Upload successful
. 2022-03-28 12:45:40.762 Transfer done: 'capitIndexChart5Y.html' => '/webpages/capitIndexChart5Y.html' [39525]
. 2022-03-28 12:45:40.763 Copying finished: Transferred: 39,525, Elapsed: 0:00:00, CPS: 359,318/s
> 2022-03-28 12:45:40.763 Script: put capitIndexChartMAX.html
. 2022-03-28 12:45:40.764 Copying 1 files/directories to remote directory "/webpages" - total size: 40,064
. 2022-03-28 12:45:40.765   PrTime: Yes; PrRO: No; Rght: rw-r--r--; PrR: No (No); FnCs: N; RIC: 0100; Resume: S (102400); CalcS: No; Mask: 
. 2022-03-28 12:45:40.765   TM: B; ClAr: No; RemEOF: No; RemBOM: No; CPS: 0; NewerOnly: No; EncryptNewFiles: Yes; ExcludeHiddenFiles: No; ExcludeEmptyDirectories: No; InclM: ; ResumeL: 0
. 2022-03-28 12:45:40.765   AscM: *.*html; *.htm; *.txt; *.php; *.php3; *.cgi; *.c; *.cpp; *.h; *.pas; *.bas; *.tex; *.pl; *.js; .htaccess; *.xtml; *.css; *.cfg; *.ini; *.sh; *.xml
. 2022-03-28 12:45:40.766 File: 'capitIndexChartMAX.html' [2022-03-28T11:32:56.682Z] [40064]
. 2022-03-28 12:45:41.258 Copying "capitIndexChartMAX.html" to remote directory started.
. 2022-03-28 12:45:41.258 Binary transfer mode selected.
. 2022-03-28 12:45:41.259 Starting upload of G:\My Drive\GITHUB\davidcapit.github.io\capitIndexChartMAX.html
> 2022-03-28 12:45:41.262 TYPE I
< 2022-03-28 12:45:41.291 200 TYPE is now 8-bit binary
> 2022-03-28 12:45:41.292 PASV
< 2022-03-28 12:45:41.315 227 Entering Passive Mode (89,200,136,154,119,23)
> 2022-03-28 12:45:41.316 STOR capitIndexChartMAX.html
. 2022-03-28 12:45:41.317 Connecting to 89.200.136.154:30487 ...
< 2022-03-28 12:45:41.365 150 Accepted data connection
. 2022-03-28 12:45:41.387 Session ID reused
. 2022-03-28 12:45:41.387 Using TLSv1.2, cipher TLSv1.2: ECDHE-RSA-AES128-GCM-SHA256, 2048 bit RSA, ECDHE-RSA-AES128-GCM-SHA256 TLSv1.2 Kx=ECDH     Au=RSA  Enc=AESGCM(128) Mac=AEAD
. 2022-03-28 12:45:41.387 TLS connection established
< 2022-03-28 12:45:41.440 226-File successfully transferred
< 2022-03-28 12:45:41.441 226 0.035 seconds (measured here), 1.10 Mbytes per second
> 2022-03-28 12:45:41.442 MFMT 20220328113256 capitIndexChartMAX.html
< 2022-03-28 12:45:41.465 213 UTIME OK
. 2022-03-28 12:45:41.465 Upload successful
. 2022-03-28 12:45:41.466 Transfer done: 'capitIndexChartMAX.html' => '/webpages/capitIndexChartMAX.html' [40064]
. 2022-03-28 12:45:41.466 Copying finished: Transferred: 40,064, Elapsed: 0:00:00, CPS: 364,218/s
> 2022-03-28 12:45:41.467 Script: put sample-table-1M.html
. 2022-03-28 12:45:41.468 Copying 1 files/directories to remote directory "/webpages" - total size: 2,527
. 2022-03-28 12:45:41.468   PrTime: Yes; PrRO: No; Rght: rw-r--r--; PrR: No (No); FnCs: N; RIC: 0100; Resume: S (102400); CalcS: No; Mask: 
. 2022-03-28 12:45:41.469   TM: B; ClAr: No; RemEOF: No; RemBOM: No; CPS: 0; NewerOnly: No; EncryptNewFiles: Yes; ExcludeHiddenFiles: No; ExcludeEmptyDirectories: No; InclM: ; ResumeL: 0
. 2022-03-28 12:45:41.469   AscM: *.*html; *.htm; *.txt; *.php; *.php3; *.cgi; *.c; *.cpp; *.h; *.pas; *.bas; *.tex; *.pl; *.js; .htaccess; *.xtml; *.css; *.cfg; *.ini; *.sh; *.xml
. 2022-03-28 12:45:41.469 File: 'sample-table-1M.html' [2022-03-28T11:32:50.958Z] [2527]
. 2022-03-28 12:45:41.891 Copying "sample-table-1M.html" to remote directory started.
. 2022-03-28 12:45:41.891 Binary transfer mode selected.
. 2022-03-28 12:45:41.892 Starting upload of G:\My Drive\GITHUB\davidcapit.github.io\sample-table-1M.html
> 2022-03-28 12:45:41.892 TYPE I
< 2022-03-28 12:45:41.916 200 TYPE is now 8-bit binary
> 2022-03-28 12:45:41.916 PASV
< 2022-03-28 12:45:41.938 227 Entering Passive Mode (89,200,136,154,118,150)
> 2022-03-28 12:45:41.939 STOR sample-table-1M.html
. 2022-03-28 12:45:41.939 Connecting to 89.200.136.154:30358 ...
< 2022-03-28 12:45:41.986 150 Accepted data connection
. 2022-03-28 12:45:42.010 Session ID reused
. 2022-03-28 12:45:42.013 Using TLSv1.2, cipher TLSv1.2: ECDHE-RSA-AES128-GCM-SHA256, 2048 bit RSA, ECDHE-RSA-AES128-GCM-SHA256 TLSv1.2 Kx=ECDH     Au=RSA  Enc=AESGCM(128) Mac=AEAD
. 2022-03-28 12:45:42.015 TLS connection established
< 2022-03-28 12:45:42.034 226-File successfully transferred
< 2022-03-28 12:45:42.035 226 0.000 seconds (measured here), 7.44 Mbytes per second
> 2022-03-28 12:45:42.040 MFMT 20220328113250 sample-table-1M.html
< 2022-03-28 12:45:42.066 213 UTIME OK
. 2022-03-28 12:45:42.067 Upload successful
. 2022-03-28 12:45:42.068 Transfer done: 'sample-table-1M.html' => '/webpages/sample-table-1M.html' [2527]
. 2022-03-28 12:45:42.068 Copying finished: Transferred: 2,527, Elapsed: 0:00:00, CPS: 32,397/s
> 2022-03-28 12:45:42.069 Script: put sample-table-2M.html
. 2022-03-28 12:45:42.074 Copying 1 files/directories to remote directory "/webpages" - total size: 2,530
. 2022-03-28 12:45:42.075   PrTime: Yes; PrRO: No; Rght: rw-r--r--; PrR: No (No); FnCs: N; RIC: 0100; Resume: S (102400); CalcS: No; Mask: 
. 2022-03-28 12:45:42.075   TM: B; ClAr: No; RemEOF: No; RemBOM: No; CPS: 0; NewerOnly: No; EncryptNewFiles: Yes; ExcludeHiddenFiles: No; ExcludeEmptyDirectories: No; InclM: ; ResumeL: 0
. 2022-03-28 12:45:42.075   AscM: *.*html; *.htm; *.txt; *.php; *.php3; *.cgi; *.c; *.cpp; *.h; *.pas; *.bas; *.tex; *.pl; *.js; .htaccess; *.xtml; *.css; *.cfg; *.ini; *.sh; *.xml
. 2022-03-28 12:45:42.077 File: 'sample-table-2M.html' [2022-03-28T11:32:51.095Z] [2530]
. 2022-03-28 12:45:42.476 Copying "sample-table-2M.html" to remote directory started.
. 2022-03-28 12:45:42.477 Binary transfer mode selected.
. 2022-03-28 12:45:42.478 Starting upload of G:\My Drive\GITHUB\davidcapit.github.io\sample-table-2M.html
> 2022-03-28 12:45:42.479 TYPE I
< 2022-03-28 12:45:42.497 200 TYPE is now 8-bit binary
> 2022-03-28 12:45:42.498 PASV
< 2022-03-28 12:45:42.519 227 Entering Passive Mode (89,200,136,154,117,186)
> 2022-03-28 12:45:42.522 STOR sample-table-2M.html
. 2022-03-28 12:45:42.523 Connecting to 89.200.136.154:30138 ...
< 2022-03-28 12:45:42.571 150 Accepted data connection
. 2022-03-28 12:45:42.595 Session ID reused
. 2022-03-28 12:45:42.596 Using TLSv1.2, cipher TLSv1.2: ECDHE-RSA-AES128-GCM-SHA256, 2048 bit RSA, ECDHE-RSA-AES128-GCM-SHA256 TLSv1.2 Kx=ECDH     Au=RSA  Enc=AESGCM(128) Mac=AEAD
. 2022-03-28 12:45:42.596 TLS connection established
< 2022-03-28 12:45:42.634 226-File successfully transferred
< 2022-03-28 12:45:42.635 226 0.006 seconds (measured here), 425.77 Kbytes per second
> 2022-03-28 12:45:42.635 MFMT 20220328113251 sample-table-2M.html
< 2022-03-28 12:45:42.656 213 UTIME OK
. 2022-03-28 12:45:42.657 Upload successful
. 2022-03-28 12:45:42.657 Transfer done: 'sample-table-2M.html' => '/webpages/sample-table-2M.html' [2530]
. 2022-03-28 12:45:42.658 Copying finished: Transferred: 2,530, Elapsed: 0:00:00, CPS: 26,914/s
> 2022-03-28 12:45:42.659 Script: put sample-table-3M.html
. 2022-03-28 12:45:42.660 Copying 1 files/directories to remote directory "/webpages" - total size: 2,534
. 2022-03-28 12:45:42.661   PrTime: Yes; PrRO: No; Rght: rw-r--r--; PrR: No (No); FnCs: N; RIC: 0100; Resume: S (102400); CalcS: No; Mask: 
. 2022-03-28 12:45:42.661   TM: B; ClAr: No; RemEOF: No; RemBOM: No; CPS: 0; NewerOnly: No; EncryptNewFiles: Yes; ExcludeHiddenFiles: No; ExcludeEmptyDirectories: No; InclM: ; ResumeL: 0
. 2022-03-28 12:45:42.661   AscM: *.*html; *.htm; *.txt; *.php; *.php3; *.cgi; *.c; *.cpp; *.h; *.pas; *.bas; *.tex; *.pl; *.js; .htaccess; *.xtml; *.css; *.cfg; *.ini; *.sh; *.xml
. 2022-03-28 12:45:42.662 File: 'sample-table-3M.html' [2022-03-28T11:32:52.232Z] [2534]
. 2022-03-28 12:45:43.125 Copying "sample-table-3M.html" to remote directory started.
. 2022-03-28 12:45:43.125 Binary transfer mode selected.
. 2022-03-28 12:45:43.126 Starting upload of G:\My Drive\GITHUB\davidcapit.github.io\sample-table-3M.html
> 2022-03-28 12:45:43.126 TYPE I
< 2022-03-28 12:45:43.147 200 TYPE is now 8-bit binary
> 2022-03-28 12:45:43.147 PASV
< 2022-03-28 12:45:43.168 227 Entering Passive Mode (89,200,136,154,118,136)
> 2022-03-28 12:45:43.169 STOR sample-table-3M.html
. 2022-03-28 12:45:43.169 Connecting to 89.200.136.154:30344 ...
< 2022-03-28 12:45:43.207 150 Accepted data connection
. 2022-03-28 12:45:43.228 Session ID reused
. 2022-03-28 12:45:43.230 Using TLSv1.2, cipher TLSv1.2: ECDHE-RSA-AES128-GCM-SHA256, 2048 bit RSA, ECDHE-RSA-AES128-GCM-SHA256 TLSv1.2 Kx=ECDH     Au=RSA  Enc=AESGCM(128) Mac=AEAD
. 2022-03-28 12:45:43.231 TLS connection established
< 2022-03-28 12:45:43.257 226-File successfully transferred
< 2022-03-28 12:45:43.258 226 0.011 seconds (measured here), 233.24 Kbytes per second
> 2022-03-28 12:45:43.258 MFMT 20220328113252 sample-table-3M.html
< 2022-03-28 12:45:43.279 213 UTIME OK
. 2022-03-28 12:45:43.280 Upload successful
. 2022-03-28 12:45:43.281 Transfer done: 'sample-table-3M.html' => '/webpages/sample-table-3M.html' [2534]
. 2022-03-28 12:45:43.283 Copying finished: Transferred: 2,534, Elapsed: 0:00:00, CPS: 32,487/s
> 2022-03-28 12:45:43.284 Script: put sample-table-4M.html
. 2022-03-28 12:45:43.288 Copying 1 files/directories to remote directory "/webpages" - total size: 2,536
. 2022-03-28 12:45:43.288   PrTime: Yes; PrRO: No; Rght: rw-r--r--; PrR: No (No); FnCs: N; RIC: 0100; Resume: S (102400); CalcS: No; Mask: 
. 2022-03-28 12:45:43.289   TM: B; ClAr: No; RemEOF: No; RemBOM: No; CPS: 0; NewerOnly: No; EncryptNewFiles: Yes; ExcludeHiddenFiles: No; ExcludeEmptyDirectories: No; InclM: ; ResumeL: 0
. 2022-03-28 12:45:43.289   AscM: *.*html; *.htm; *.txt; *.php; *.php3; *.cgi; *.c; *.cpp; *.h; *.pas; *.bas; *.tex; *.pl; *.js; .htaccess; *.xtml; *.css; *.cfg; *.ini; *.sh; *.xml
. 2022-03-28 12:45:43.290 File: 'sample-table-4M.html' [2022-03-28T11:32:52.300Z] [2536]
. 2022-03-28 12:45:43.689 Copying "sample-table-4M.html" to remote directory started.
. 2022-03-28 12:45:43.689 Binary transfer mode selected.
. 2022-03-28 12:45:43.690 Starting upload of G:\My Drive\GITHUB\davidcapit.github.io\sample-table-4M.html
> 2022-03-28 12:45:43.690 TYPE I
< 2022-03-28 12:45:43.717 200 TYPE is now 8-bit binary
> 2022-03-28 12:45:43.717 PASV
< 2022-03-28 12:45:43.738 227 Entering Passive Mode (89,200,136,154,118,226)
> 2022-03-28 12:45:43.739 STOR sample-table-4M.html
. 2022-03-28 12:45:43.739 Connecting to 89.200.136.154:30434 ...
< 2022-03-28 12:45:43.782 150 Accepted data connection
. 2022-03-28 12:45:43.807 Session ID reused
. 2022-03-28 12:45:43.807 Using TLSv1.2, cipher TLSv1.2: ECDHE-RSA-AES128-GCM-SHA256, 2048 bit RSA, ECDHE-RSA-AES128-GCM-SHA256 TLSv1.2 Kx=ECDH     Au=RSA  Enc=AESGCM(128) Mac=AEAD
. 2022-03-28 12:45:43.808 TLS connection established
< 2022-03-28 12:45:43.827 226-File successfully transferred
< 2022-03-28 12:45:43.829 226 0.000 seconds (measured here), 8.01 Mbytes per second
> 2022-03-28 12:45:43.830 MFMT 20220328113252 sample-table-4M.html
< 2022-03-28 12:45:43.849 213 UTIME OK
. 2022-03-28 12:45:43.850 Upload successful
. 2022-03-28 12:45:43.851 Transfer done: 'sample-table-4M.html' => '/webpages/sample-table-4M.html' [2536]
. 2022-03-28 12:45:43.852 Copying finished: Transferred: 2,536, Elapsed: 0:00:00, CPS: 40,253/s
> 2022-03-28 12:45:43.853 Script: put sample-table-5M.html
. 2022-03-28 12:45:43.855 Copying 1 files/directories to remote directory "/webpages" - total size: 2,537
. 2022-03-28 12:45:43.855   PrTime: Yes; PrRO: No; Rght: rw-r--r--; PrR: No (No); FnCs: N; RIC: 0100; Resume: S (102400); CalcS: No; Mask: 
. 2022-03-28 12:45:43.855   TM: B; ClAr: No; RemEOF: No; RemBOM: No; CPS: 0; NewerOnly: No; EncryptNewFiles: Yes; ExcludeHiddenFiles: No; ExcludeEmptyDirectories: No; InclM: ; ResumeL: 0
. 2022-03-28 12:45:43.856   AscM: *.*html; *.htm; *.txt; *.php; *.php3; *.cgi; *.c; *.cpp; *.h; *.pas; *.bas; *.tex; *.pl; *.js; .htaccess; *.xtml; *.css; *.cfg; *.ini; *.sh; *.xml
. 2022-03-28 12:45:43.856 File: 'sample-table-5M.html' [2022-03-28T11:32:52.354Z] [2537]
. 2022-03-28 12:45:44.217 Copying "sample-table-5M.html" to remote directory started.
. 2022-03-28 12:45:44.218 Binary transfer mode selected.
. 2022-03-28 12:45:44.218 Starting upload of G:\My Drive\GITHUB\davidcapit.github.io\sample-table-5M.html
> 2022-03-28 12:45:44.219 TYPE I
< 2022-03-28 12:45:44.237 200 TYPE is now 8-bit binary
> 2022-03-28 12:45:44.237 PASV
< 2022-03-28 12:45:44.260 227 Entering Passive Mode (89,200,136,154,117,107)
> 2022-03-28 12:45:44.260 STOR sample-table-5M.html
. 2022-03-28 12:45:44.261 Connecting to 89.200.136.154:30059 ...
< 2022-03-28 12:45:44.306 150 Accepted data connection
. 2022-03-28 12:45:44.326 Session ID reused
. 2022-03-28 12:45:44.326 Using TLSv1.2, cipher TLSv1.2: ECDHE-RSA-AES128-GCM-SHA256, 2048 bit RSA, ECDHE-RSA-AES128-GCM-SHA256 TLSv1.2 Kx=ECDH     Au=RSA  Enc=AESGCM(128) Mac=AEAD
. 2022-03-28 12:45:44.326 TLS connection established
< 2022-03-28 12:45:44.346 226-File successfully transferred
< 2022-03-28 12:45:44.347 226 0.000 seconds (measured here), 8.58 Mbytes per second
> 2022-03-28 12:45:44.348 MFMT 20220328113252 sample-table-5M.html
< 2022-03-28 12:45:44.367 213 UTIME OK
. 2022-03-28 12:45:44.367 Upload successful
. 2022-03-28 12:45:44.368 Transfer done: 'sample-table-5M.html' => '/webpages/sample-table-5M.html' [2537]
. 2022-03-28 12:45:44.368 Copying finished: Transferred: 2,537, Elapsed: 0:00:00, CPS: 40,919/s
> 2022-03-28 12:45:44.369 Script: put sample-table-250K.html
. 2022-03-28 12:45:44.370 Copying 1 files/directories to remote directory "/webpages" - total size: 2,518
. 2022-03-28 12:45:44.371   PrTime: Yes; PrRO: No; Rght: rw-r--r--; PrR: No (No); FnCs: N; RIC: 0100; Resume: S (102400); CalcS: No; Mask: 
. 2022-03-28 12:45:44.371   TM: B; ClAr: No; RemEOF: No; RemBOM: No; CPS: 0; NewerOnly: No; EncryptNewFiles: Yes; ExcludeHiddenFiles: No; ExcludeEmptyDirectories: No; InclM: ; ResumeL: 0
. 2022-03-28 12:45:44.371   AscM: *.*html; *.htm; *.txt; *.php; *.php3; *.cgi; *.c; *.cpp; *.h; *.pas; *.bas; *.tex; *.pl; *.js; .htaccess; *.xtml; *.css; *.cfg; *.ini; *.sh; *.xml
. 2022-03-28 12:45:44.371 File: 'sample-table-250K.html' [2022-03-28T11:32:49.575Z] [2518]
. 2022-03-28 12:45:44.753 Copying "sample-table-250K.html" to remote directory started.
. 2022-03-28 12:45:44.753 Binary transfer mode selected.
. 2022-03-28 12:45:44.753 Starting upload of G:\My Drive\GITHUB\davidcapit.github.io\sample-table-250K.html
> 2022-03-28 12:45:44.753 TYPE I
< 2022-03-28 12:45:44.771 200 TYPE is now 8-bit binary
> 2022-03-28 12:45:44.771 PASV
< 2022-03-28 12:45:44.789 227 Entering Passive Mode (89,200,136,154,118,144)
> 2022-03-28 12:45:44.791 STOR sample-table-250K.html
. 2022-03-28 12:45:44.791 Connecting to 89.200.136.154:30352 ...
< 2022-03-28 12:45:44.829 150 Accepted data connection
. 2022-03-28 12:45:44.852 Session ID reused
. 2022-03-28 12:45:44.852 Using TLSv1.2, cipher TLSv1.2: ECDHE-RSA-AES128-GCM-SHA256, 2048 bit RSA, ECDHE-RSA-AES128-GCM-SHA256 TLSv1.2 Kx=ECDH     Au=RSA  Enc=AESGCM(128) Mac=AEAD
. 2022-03-28 12:45:44.853 TLS connection established
< 2022-03-28 12:45:44.879 226-File successfully transferred
< 2022-03-28 12:45:44.879 226 0.006 seconds (measured here), 396.16 Kbytes per second
> 2022-03-28 12:45:44.880 MFMT 20220328113249 sample-table-250K.html
< 2022-03-28 12:45:44.901 213 UTIME OK
. 2022-03-28 12:45:44.901 Upload successful
. 2022-03-28 12:45:44.902 Transfer done: 'sample-table-250K.html' => '/webpages/sample-table-250K.html' [2518]
. 2022-03-28 12:45:44.903 Copying finished: Transferred: 2,518, Elapsed: 0:00:00, CPS: 32,282/s
> 2022-03-28 12:45:44.903 Script: put sample-table-500K.html
. 2022-03-28 12:45:44.904 Copying 1 files/directories to remote directory "/webpages" - total size: 2,523
. 2022-03-28 12:45:44.904   PrTime: Yes; PrRO: No; Rght: rw-r--r--; PrR: No (No); FnCs: N; RIC: 0100; Resume: S (102400); CalcS: No; Mask: 
. 2022-03-28 12:45:44.905   TM: B; ClAr: No; RemEOF: No; RemBOM: No; CPS: 0; NewerOnly: No; EncryptNewFiles: Yes; ExcludeHiddenFiles: No; ExcludeEmptyDirectories: No; InclM: ; ResumeL: 0
. 2022-03-28 12:45:44.905   AscM: *.*html; *.htm; *.txt; *.php; *.php3; *.cgi; *.c; *.cpp; *.h; *.pas; *.bas; *.tex; *.pl; *.js; .htaccess; *.xtml; *.css; *.cfg; *.ini; *.sh; *.xml
. 2022-03-28 12:45:44.906 File: 'sample-table-500K.html' [2022-03-28T11:32:50.948Z] [2523]
. 2022-03-28 12:45:45.306 Copying "sample-table-500K.html" to remote directory started.
. 2022-03-28 12:45:45.307 Binary transfer mode selected.
. 2022-03-28 12:45:45.308 Starting upload of G:\My Drive\GITHUB\davidcapit.github.io\sample-table-500K.html
> 2022-03-28 12:45:45.309 TYPE I
< 2022-03-28 12:45:45.329 200 TYPE is now 8-bit binary
> 2022-03-28 12:45:45.330 PASV
< 2022-03-28 12:45:45.347 227 Entering Passive Mode (89,200,136,154,118,241)
> 2022-03-28 12:45:45.348 STOR sample-table-500K.html
. 2022-03-28 12:45:45.349 Connecting to 89.200.136.154:30449 ...
< 2022-03-28 12:45:45.386 150 Accepted data connection
. 2022-03-28 12:45:45.408 Session ID reused
. 2022-03-28 12:45:45.408 Using TLSv1.2, cipher TLSv1.2: ECDHE-RSA-AES128-GCM-SHA256, 2048 bit RSA, ECDHE-RSA-AES128-GCM-SHA256 TLSv1.2 Kx=ECDH     Au=RSA  Enc=AESGCM(128) Mac=AEAD
. 2022-03-28 12:45:45.408 TLS connection established
< 2022-03-28 12:45:45.428 226-File successfully transferred
< 2022-03-28 12:45:45.431 226 0.000 seconds (measured here), 8.45 Mbytes per second
> 2022-03-28 12:45:45.432 MFMT 20220328113250 sample-table-500K.html
< 2022-03-28 12:45:45.456 213 UTIME OK
. 2022-03-28 12:45:45.456 Upload successful
. 2022-03-28 12:45:45.457 Transfer done: 'sample-table-500K.html' => '/webpages/sample-table-500K.html' [2523]
. 2022-03-28 12:45:45.457 Copying finished: Transferred: 2,523, Elapsed: 0:00:00, CPS: 40,693/s
> 2022-03-28 12:45:45.457 Script: exit
. 2022-03-28 12:45:45.457 Script: Exit code: 0
. 2022-03-28 12:45:45.459 Disconnected from server
